<?xml version="1.0" encoding="UTF-8"?>
<!-- Generated by org.testng.reporters.JUnitReportReporter -->
<testsuite hostname="Pulkit" failures="0" tests="4" name="AppTest" time="5.752" errors="0" timestamp="2024-04-25T22:24:56 IST" skipped="0">
  <testcase classname="AppTest" name="test2" time="1.268"/>
  <system-out/>
  <testcase classname="AppTest" name="test4" time="1.328"/>
  <system-out/>
  <testcase classname="AppTest" name="test3" time="1.390"/>
  <system-out/>
  <testcase classname="AppTest" name="test" time="1.766"/>
  <system-out/>
</testsuite> <!-- AppTest -->
